AI system is initializing..
Found undefined modules
Building dependency graph
Reached loading state
Loading: core.namespace
Loading: core.action
Loading: lib.simplify
Loading: lib.dict
TokenList {
  rest: '',
  stack: [ 'b' ],
  substr: [Function: bound indexOf],
  indexOf: [Function: bound indexOf] }
[SUCC] Should support single Sets
TokenList {
  rest: '',
  stack: [ 'b' ],
  substr: [Function: bound indexOf],
  indexOf: [Function: bound indexOf] }
[SUCC] Should support nested Sets
TokenList {
  rest: '',
  stack: [ 'a', 'c' ],
  substr: [Function: bound indexOf],
  indexOf: [Function: bound indexOf] }
[SUCC] Should support concat (Arrays)
TokenList {
  rest: '',
  stack: [ 'c', 'bR' ],
  substr: [Function: bound indexOf],
  indexOf: [Function: bound indexOf] }
[SUCC] Should handle wrong ways
TokenList {
  rest: '',
  stack: [ 'a', 'b', 'c' ],
  substr: [Function: bound indexOf],
  indexOf: [Function: bound indexOf] }
[SUCC] Should handle nested arrays
TokenList {
  rest: '',
  stack: [ 'прив', '' ],
  substr: [Function: bound indexOf],
  indexOf: [Function: bound indexOf] }
[SUCC] Should just work
TokenList {
  rest: '',
  stack: 
   [ 'flag-',
     '{pref-1}',
     '{root-3}',
     '{suff-1}',
     '{wrong-1}',
     '-',
     '{end-2}' ],
  substr: [Function: bound indexOf],
  indexOf: [Function: bound indexOf] }
[SUCC] Should support something more
Loading: lang.gen.dict
Loading: lang.parse.dict
Loading: core.lang
Loading: brain.talk
Loading: lib.convert
Loading: notify.xsel
Loading: sense.xsel
Loading: brain.xselact
Loading: core.brain
Loading: lib.vkontakte
Loading: io.vkontakte
Loading: core.io
Loading: lib.array.random
Loading: core.lib
Loading: core.core
Loading: io.tcp
Everything seems to be ready
Открыта сессия: EventEmitter {
  domain: null,
  _events: { close: [Function] },
  _eventsCount: 1,
  _maxListeners: undefined,
  send: [Function] }
Получено сообщение: переведи строку в base64
TokenList {
  rest: '',
  stack: [ 'perevedi', '', 'stroku', 'v', 'baseb4' ],
  substr: [Function: bound indexOf],
  indexOf: [Function: bound indexOf] }
brain.talk/index.js:15 { tokens: [ 'perevedi', '', 'stroku', 'v', 'baseb4' ],
  confidence: 1 } true
Получено сообщение: переведи base64 в строку
TokenList {
  rest: '',
  stack: [ 'perevedi', '', 'baseb4', 'v', 'stroku' ],
  substr: [Function: bound indexOf],
  indexOf: [Function: bound indexOf] }
brain.talk/index.js:15 { tokens: [ 'perevedi', '', 'baseb4', 'v', 'stroku' ],
  confidence: 1 } true
